runtimeClasspath - Runtime classpath of source set 'main'.
\--- org.apache.httpcomponents:httpclient:4.3.4
     +--- org.apache.httpcomponents:httpcore:4.3.2
     +--- commons-logging:commons-logging:1.1.3
     \--- commons-codec:commons-codec:1.6

runtimeElements - Elements of runtime for main. (n)
No dependencies

runtimeOnly - Runtime only dependencies for source set 'main'. (n)
No dependencies

testAnnotationProcessor - Annotation processors and their dependencies for source set 'test'.
No dependencies

testCompile - Dependencies for source set 'test' (deprecated, use 'testImplementation ' instead).
No dependencies

testCompileClasspath - Compile classpath for source set 'test'.
+--- org.apache.httpcomponents:httpclient:4.3.4 -> 4.5.3
|    +--- org.apache.httpcomponents:httpcore:4.4.6
|    +--- commons-logging:commons-logging:1.2
|    \--- commons-codec:commons-codec:1.9
\--- org.apache.velocity:velocity:1.7
     +--- commons-collections:commons-collections:3.2.1
     +--- commons-lang:commons-lang:2.4
     \--- org.apache.httpcomponents:httpclient:4.5.3 (*)