testRuntimeClasspath - Runtime classpath of source set 'test'.
+--- project :logging
|    \--- org.slf4j:log4j-over-slf4j:1.7.25
|         \--- org.slf4j:slf4j-api:1.7.25
\--- org.apache.cxf:cxf-rt-transports-http-jetty:2.0.9
     +--- org.apache.cxf:cxf-api:2.0.9
     |    +--- org.apache.geronimo.specs:geronimo-activation_1.1_spec:1.0.2
     |    +--- org.apache.cxf:cxf-common-utilities:2.0.9
     |    |    +--- org.springframework:spring-core:2.0.8
     |    |    |    \--- commons-logging:commons-logging:1.1 -> 1.1.1
     |    |    +--- org.springframework:spring-beans:2.0.8
     |    |    |    +--- commons-logging:commons-logging:1.1 -> 1.1.1
     |    |    |    \--- org.springframework:spring-core:2.0.8 (*)
     |    |    +--- org.springframework:spring-context:2.0.8
     |    |    |    +--- aopalliance:aopalliance:1.0
     |    |    |    +--- commons-logging:commons-logging:1.1 -> 1.1.1
     |    |    |    +--- org.springframework:spring-beans:2.0.8 (*)
     |    |    |    \--- org.springframework:spring-core:2.0.8 (*)
     |    |    +--- org.apache.geronimo.specs:geronimo-annotation_1.0_spec:1.1.1
     |    |    +--- javax.xml.bind:jaxb-api:2.0
     |    |    +--- org.apache.geronimo.specs:geronimo-stax-api_1.0_spec:1.0.1
     |    |    +--- wsdl4j:wsdl4j:1.6.2
     |    |    +--- xml-resolver:xml-resolver:1.2
     |    |    +--- org.apache.ws.commons.schema:XmlSchema:1.4.2
     |    |    +--- commons-lang:commons-lang:2.4
     |    |    \--- org.apache.geronimo.specs:geronimo-ws-metadata_2.0_spec:1.1.2
     |    +--- org.apache.ws.commons.schema:XmlSchema:1.4.2
     |    +--- org.apache.geronimo.specs:geronimo-annotation_1.0_spec:1.1.1
     |    +--- org.codehaus.woodstox:wstx-asl:3.2.4
     |    |    \--- stax:stax-api:1.0.1
     |    +--- org.apache.neethi:neethi:2.0.4
     |    |    +--- wsdl4j:wsdl4j:1.6.2
     |    |    +--- org.codehaus.woodstox:wstx-asl:3.2.4 (*)
     |    |    \--- commons-logging:commons-logging:1.1.1
     |    \--- org.apache.cxf:cxf-common-schemas:2.0.9
     +--- org.apache.cxf:cxf-rt-transports-http:2.0.9
     |    +--- org.apache.cxf:cxf-api:2.0.9 (*)
     |    +--- org.apache.cxf:cxf-rt-core:2.0.9
     |    |    +--- org.apache.cxf:cxf-api:2.0.9 (*)
     |    |    +--- com.sun.xml.bind:jaxb-impl:2.0.5
     |    |    |    \--- javax.xml.bind:jaxb-api:2.0
     |    |    +--- org.apache.ws.commons.schema:XmlSchema:1.4.2
     |    |    +--- org.springframework:spring-core:2.0.8 (*)
     |    |    \--- org.apache.geronimo.specs:geronimo-javamail_1.4_spec:1.3
     |    \--- org.springframework:spring-web:2.0.8
     |         +--- commons-logging:commons-logging:1.1 -> 1.1.1
     |         +--- org.springframework:spring-beans:2.0.8 (*)
     |         +--- org.springframework:spring-context:2.0.8 (*)
     |         \--- org.springframework:spring-core:2.0.8 (*)
     +--- org.apache.cxf:cxf-rt-core:2.0.9 (*)
     +--- org.springframework:spring-web:2.0.8 (*)
     +--- org.mortbay.jetty:jetty:6.1.9
     |    \--- org.mortbay.jetty:jetty-util:6.1.9
     \--- org.apache.geronimo.specs:geronimo-servlet_2.5_spec:1.2