> Configure project :
Module versions
  - testA
    - Version 3 has attributes {org.gradle.status=integration}
    - Version 2 has attributes {org.gradle.status=integration}
    - Version 1 has attributes {org.gradle.status=integration}
  - testB
    - Version 4 has attributes {org.gradle.status=integration}
    - Version 3 has attributes {org.gradle.status=integration}
    - Version 2 has attributes {org.gradle.status=integration}
    - Version 1 has attributes {org.gradle.status=integration}

> Task :insight FAILED

FAILURE: Build failed with an exception.

* What went wrong:
Execution failed for task ':insight'.
> Could not resolve all files for configuration ':compileClasspath'.
   > Could not resolve com.acme:testB:+.
     Required by:
         project :
      > Unable to find a matching variant of com.acme:testB:4:
          - Variant 'api':
              - Required org.example.gradle.lifecycle 'DEPRECATED' and found incompatible value 'BLACKLISTED'.
              - Found org.gradle.status 'integration' but wasn't required.
              - Required org.gradle.usage 'java-api' and found compatible value 'java-api'.
          - Variant 'runtime':
              - Required org.example.gradle.lifecycle 'DEPRECATED' and found incompatible value 'BLACKLISTED'.
              - Found org.gradle.status 'integration' but wasn't required.
              - Required org.gradle.usage 'java-api' and found incompatible value 'java-runtime'.

* Try:
Run with --stacktrace option to get the stack trace. Run with --info or --debug option to get more log output. Run with --scan to get full insights.

* Get more help at https://help.gradle.org